[debug] [2024-03-04T17:08:16.521Z] ----------------------------------------------------------------------
[debug] [2024-03-04T17:08:16.532Z] Command:       /Users/vaibhavkathait/.nvm/versions/node/v21.6.2/bin/node /usr/local/bin/firebase init
[debug] [2024-03-04T17:08:16.533Z] CLI Version:   13.4.0
[debug] [2024-03-04T17:08:16.533Z] Platform:      darwin
[debug] [2024-03-04T17:08:16.533Z] Node Version:  v21.6.2
[debug] [2024-03-04T17:08:16.534Z] Time:          Mon Mar 04 2024 22:38:16 GMT+0530 (India Standard Time)
[debug] [2024-03-04T17:08:16.534Z] ----------------------------------------------------------------------
[debug] 
[debug] [2024-03-04T17:08:16.550Z] > command requires scopes: ["email","openid","https://www.googleapis.com/auth/cloudplatformprojects.readonly","https://www.googleapis.com/auth/firebase","https://www.googleapis.com/auth/cloud-platform"]
[debug] [2024-03-04T17:08:16.551Z] > authorizing via signed-in user (vaibhav.kathait.123@gmail.com)
[info] 
     ######## #### ########  ######## ########     ###     ######  ########
     ##        ##  ##     ## ##       ##     ##  ##   ##  ##       ##
     ######    ##  ########  ######   ########  #########  ######  ######
     ##        ##  ##    ##  ##       ##     ## ##     ##       ## ##
     ##       #### ##     ## ######## ########  ##     ##  ######  ########

You're about to initialize a Firebase project in this directory:

  /Users/vaibhavkathait/Desktop/expensetracker

[info] 
=== Project Setup
[info] 
[info] First, let's associate this project directory with a Firebase project.
[info] You can create multiple project aliases by running firebase use --add, 
[info] but for now we'll just set up a default project.
[info] 
[debug] [2024-03-04T17:09:38.975Z] >>> [apiv2][query] GET https://firebase.googleapis.com/v1beta1/projects pageSize=100
[debug] [2024-03-04T17:09:39.980Z] <<< [apiv2][status] GET https://firebase.googleapis.com/v1beta1/projects 200
[debug] [2024-03-04T17:09:39.981Z] <<< [apiv2][body] GET https://firebase.googleapis.com/v1beta1/projects [omitted]
[info] i  Using project expense-tracker-60e8f (expense-tracker) 
[info] 
=== Hosting Setup
[debug] [2024-03-04T17:10:34.590Z] >>> [apiv2][query] GET https://firebase.googleapis.com/v1beta1/projects/expense-tracker-60e8f [none]
[debug] [2024-03-04T17:10:35.057Z] <<< [apiv2][status] GET https://firebase.googleapis.com/v1beta1/projects/expense-tracker-60e8f 200
[debug] [2024-03-04T17:10:35.057Z] <<< [apiv2][body] GET https://firebase.googleapis.com/v1beta1/projects/expense-tracker-60e8f {"projectId":"expense-tracker-60e8f","projectNumber":"559929116518","displayName":"expense-tracker","name":"projects/expense-tracker-60e8f","resources":{"hostingSite":"expense-tracker-60e8f"},"state":"ACTIVE","etag":"1_b4480efc-6e49-41e5-a730-3ac362a6dd2f"}
[info] 
[info] Your public directory is the folder (relative to your project directory) that
[info] will contain Hosting assets to be uploaded with firebase deploy. If you
[info] have a build process for your assets, use your build's output directory.
[info] 
[info] ✔  Wrote public/404.html 
[debug] [2024-03-04T17:10:59.890Z] >>> [apiv2][query] GET https://www.gstatic.com/firebasejs/releases.json [none]
[debug] [2024-03-04T17:11:00.015Z] <<< [apiv2][status] GET https://www.gstatic.com/firebasejs/releases.json 200
[debug] [2024-03-04T17:11:00.016Z] <<< [apiv2][body] GET https://www.gstatic.com/firebasejs/releases.json {"current":{"version":"10.8.1","browserURL":"https://www.gstatic.com/firebasejs/10.8.1/firebase.js","packageURL":"https://www.gstatic.com/firebasejs/10.8.1/firebase.tgz"},"live":{"version":"10.8","browserURL":"https://www.gstatic.com/firebasejs/live/10.8/firebase.js","packageURL":"https://www.gstatic.com/firebasejs/live/10.8/firebase.tgz"},"components":{"analytics":"https://www.gstatic.com/firebasejs/10.8.1/firebase-analytics.js","app":"https://www.gstatic.com/firebasejs/10.8.1/firebase-app.js","app-check":"https://www.gstatic.com/firebasejs/10.8.1/firebase-app-check.js","auth":"https://www.gstatic.com/firebasejs/10.8.1/firebase-auth.js","auth/cordova":"https://www.gstatic.com/firebasejs/10.8.1/firebase-auth/cordova.js","auth/web-extension":"https://www.gstatic.com/firebasejs/10.8.1/firebase-auth/web-extension.js","functions":"https://www.gstatic.com/firebasejs/10.8.1/firebase-functions.js","firestore":"https://www.gstatic.com/firebasejs/10.8.1/firebase-firestore.js","firestore/lite":"https://www.gstatic.com/firebasejs/10.8.1/firebase-firestore/lite.js","installations":"https://www.gstatic.com/firebasejs/10.8.1/firebase-installations.js","storage":"https://www.gstatic.com/firebasejs/10.8.1/firebase-storage.js","performance":"https://www.gstatic.com/firebasejs/10.8.1/firebase-performance.js","remote-config":"https://www.gstatic.com/firebasejs/10.8.1/firebase-remote-config.js","messaging":"https://www.gstatic.com/firebasejs/10.8.1/firebase-messaging.js","messaging/sw":"https://www.gstatic.com/firebasejs/10.8.1/firebase-messaging/sw.js","database":"https://www.gstatic.com/firebasejs/10.8.1/firebase-database.js","firestore.memory":"https://www.gstatic.com/firebasejs/10.8.1/firebase-firestore.memory.js"}}
[info] i  Skipping write of public/index.html 
[info] 
[info] i  Detected a .git folder at /Users/vaibhavkathait/Desktop/expensetracker 
[info] i  Authorizing with GitHub to upload your service account to a GitHub repository's secrets store. 
[info] 
[info] Visit this URL on this device to log in:
[info] https://github.com/login/oauth/authorize?client_id=89cf50f02ac6aaed3484&state=339800861&redirect_uri=http%3A%2F%2Flocalhost%3A9005&scope=read%3Auser%20repo%20public_repo
[info] 
[info] Waiting for authentication...
[debug] [2024-03-04T17:11:46.205Z] >>> [apiv2][query] POST https://github.com/login/oauth/access_token [none]
[debug] [2024-03-04T17:11:46.207Z] >>> [apiv2][body] POST https://github.com/login/oauth/access_token [stream]
[debug] [2024-03-04T17:11:46.733Z] <<< [apiv2][status] POST https://github.com/login/oauth/access_token 200
[debug] [2024-03-04T17:11:46.733Z] <<< [apiv2][body] POST https://github.com/login/oauth/access_token {"access_token":"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","token_type":"bearer","scope":"read:user,repo"}
[debug] [2024-03-04T17:11:46.757Z] >>> [apiv2][query] GET https://api.github.com/user [none]
[debug] [2024-03-04T17:11:47.350Z] <<< [apiv2][status] GET https://api.github.com/user 200
[debug] [2024-03-04T17:11:47.350Z] <<< [apiv2][body] GET https://api.github.com/user {"login":"VK6733","id":68019431,"node_id":"MDQ6VXNlcjY4MDE5NDMx","avatar_url":"https://avatars.githubusercontent.com/u/68019431?v=4","gravatar_id":"","url":"https://api.github.com/users/VK6733","html_url":"https://github.com/VK6733","followers_url":"https://api.github.com/users/VK6733/followers","following_url":"https://api.github.com/users/VK6733/following{/other_user}","gists_url":"https://api.github.com/users/VK6733/gists{/gist_id}","starred_url":"https://api.github.com/users/VK6733/starred{/owner}{/repo}","subscriptions_url":"https://api.github.com/users/VK6733/subscriptions","organizations_url":"https://api.github.com/users/VK6733/orgs","repos_url":"https://api.github.com/users/VK6733/repos","events_url":"https://api.github.com/users/VK6733/events{/privacy}","received_events_url":"https://api.github.com/users/VK6733/received_events","type":"User","site_admin":false,"name":null,"company":null,"blog":"","location":null,"email":null,"hireable":null,"bio":null,"twitter_username":null,"public_repos":8,"public_gists":0,"followers":0,"following":0,"created_at":"2020-07-08T14:52:19Z","updated_at":"2024-03-02T06:14:09Z","private_gists":1,"total_private_repos":6,"owned_private_repos":6,"disk_usage":11570,"collaborators":0,"two_factor_authentication":false,"plan":{"name":"free","space":976562499,"collaborators":0,"private_repos":10000}}
[info] 
[info] ✔  Success! Logged into GitHub as VK6733 
[info] 
